<?xml version="1.0" encoding="UTF-8"?>
<!-- Generated by org.testng.reporters.JUnitXMLReporter -->
<testsuite hostname="ABS149" name="reports" tests="1" failures="1" timestamp="22 Jun 2016 08:14:49 GMT" time="6.646" errors="0">
  <testcase name="@AfterClass offTestServer" time="0.0" classname="yandex.com.web.tests.Test_1">
    <failure type="java.lang.NullPointerException">
      <![CDATA[java.lang.NullPointerException
	at yandex.com.web.tests.BaseTest.offTestServer(BaseTest.java:68)
	at com.intellij.rt.execution.application.AppMain.main(AppMain.java:140)
... Removed 29 stack frames]]>
    </failure>
  </testcase> <!-- @AfterClass offTestServer -->
  <testcase name="TestFunctions" time="0.004" classname="yandex.com.web.tests.Test_1">
    <failure type="java.lang.NullPointerException">
      <![CDATA[java.lang.NullPointerException
	at yandex.com.web.tests.Test_1.TestFunctions(Test_1.java:9)
	at com.intellij.rt.execution.application.AppMain.main(AppMain.java:140)
... Removed 29 stack frames]]>
    </failure>
  </testcase> <!-- TestFunctions -->
</testsuite> <!-- reports -->
