<?xml version="1.0" encoding="UTF-8"?>
<testng-results skipped="0" failed="0" total="1" passed="1">
  <reporter-output>
  </reporter-output>
  <suite name="Full_test_D3" duration-ms="11762" started-at="2016-06-24T12:47:28Z" finished-at="2016-06-24T12:47:40Z">
    <groups>
    </groups>
    <test name="reports" duration-ms="11762" started-at="2016-06-24T12:47:28Z" finished-at="2016-06-24T12:47:40Z">
      <class name="yandex.com.web.tests.Test_1">
        <test-method status="PASS" signature="initialisation()[pri:0, instance:yandex.com.web.tests.Test_1@3a03464]" name="initialisation" is-config="true" duration-ms="7154" started-at="2016-06-24T15:47:28Z" finished-at="2016-06-24T15:47:35Z">
          <reporter-output>
          </reporter-output>
        </test-method> <!-- initialisation -->
        <test-method status="PASS" signature="TestFunctions()[pri:0, instance:yandex.com.web.tests.Test_1@3a03464]" name="TestFunctions" duration-ms="3749" started-at="2016-06-24T15:47:35Z" finished-at="2016-06-24T15:47:39Z">
          <reporter-output>
          </reporter-output>
        </test-method> <!-- TestFunctions -->
        <test-method status="PASS" signature="offTestServer()[pri:0, instance:yandex.com.web.tests.Test_1@3a03464]" name="offTestServer" is-config="true" duration-ms="853" started-at="2016-06-24T15:47:39Z" finished-at="2016-06-24T15:47:40Z">
          <reporter-output>
          </reporter-output>
        </test-method> <!-- offTestServer -->
      </class> <!-- yandex.com.web.tests.Test_1 -->
    </test> <!-- reports -->
  </suite> <!-- Full_test_D3 -->
</testng-results>
